<?xml version="1.0" encoding="UTF-8"?>
<testsuite xmlns:xsi="http://www.w3.org/2001/XMLSchema-instance" xsi:noNamespaceSchemaLocation="https://maven.apache.org/surefire/maven-surefire-plugin/xsd/surefire-test-report.xsd" name="com.companyname.springapp.service.SimpleProductManagerTests" time="0.001" tests="5" errors="0" skipped="0" failures="0">
  <properties>
[...]
</properties>
  <testcase name="testIncreasePriceWithNullListOfProducts" classname="com.companyname.springapp.service.SimpleProductManagerTests" time="0"/>
  <testcase name="testGetProducts" classname="com.companyname.springapp.service.SimpleProductManagerTests" time="0"/>
  <testcase name="testIncreasePriceWithEmptyListOfProducts" classname="com.companyname.springapp.service.SimpleProductManagerTests" time="0"/>
  <testcase name="testGetProductsWithNoProducts" classname="com.companyname.springapp.service.SimpleProductManagerTests" time="0"/>
  <testcase name="testIncreasePriceWithPositivePercentage" classname="com.companyname.springapp.service.SimpleProductManagerTests" time="0"/>
</testsuite>